2026-04-25 14:52:55 | INFO | [INFO] Template module loaded: [{'name': 'flask app', 'description': 'Minimalist Flask web app template with routing and HTML template support.', 'file_name': 'flask.json'}, {'name': 'python cli', 'description': 'A minimal boilerplate for Python CLI applications. Includes a main entry point and a README file for documentation.', 'file_name': 'cli_python.json'}]
2026-04-25 14:52:56 | INFO | [INFO] Template module loaded: [{'name': 'flask app', 'description': 'Minimalist Flask web app template with routing and HTML template support.', 'file_name': 'flask.json'}, {'name': 'python cli', 'description': 'A minimal boilerplate for Python CLI applications. Includes a main entry point and a README file for documentation.', 'file_name': 'cli_python.json'}]
2026-04-25 15:01:29 | INFO | [INFO] Template module loaded: [{'name': 'flask app', 'description': 'Minimalist Flask web app template with routing and HTML template support.', 'file_name': 'flask.json'}, {'name': 'python cli', 'description': 'A minimal boilerplate for Python CLI applications. Includes a main entry point and a README file for documentation.', 'file_name': 'cli_python.json'}]
2026-04-25 15:02:37 | INFO | [INFO] Template module loaded: [{'name': 'flask app', 'description': 'Minimalist Flask web app template with routing and HTML template support.', 'file_name': 'flask.json'}, {'name': 'python cli', 'description': 'A minimal boilerplate for Python CLI applications. Includes a main entry point and a README file for documentation.', 'file_name': 'cli_python.json'}]
2026-04-25 15:03:04 | INFO | Запуск команды: 'python3 -m venv .venv' в директории: Solutions/test/_src_
2026-04-25 15:03:08 | INFO | Успешно выполнено: python3 -m venv .venv
2026-04-25 15:03:08 | INFO | Запуск команды: 'source .venv/bin/activate' в директории: Solutions/test/_src_
2026-04-25 15:03:08 | INFO | Успешно выполнено: source .venv/bin/activate
2026-04-25 15:12:15 | INFO | Запуск команды: 'python3 -m venv .venv' в директории: Solutions/test/_src_
2026-04-25 15:12:19 | INFO | Успешно выполнено: python3 -m venv .venv
2026-04-25 15:12:19 | INFO | Запуск команды: 'source .venv/bin/activate' в директории: Solutions/test/_src_
2026-04-25 15:12:19 | INFO | Успешно выполнено: source .venv/bin/activate
2026-04-25 15:12:19 | INFO | Запуск команды: 'pip install flask' в директории: Solutions/test/_src_
2026-04-25 15:12:19 | ERROR | Ошибка команды (код 127): pip install flask | Детали: /bin/sh: line 1: pip: command not found
2026-04-25 15:12:19 | ERROR | Системная ошибка при выполнении 'pip install flask': Ошибка команды (код 127): pip install flask | Детали: /bin/sh: line 1: pip: command not found
2026-04-25 15:15:59 | INFO | [INFO] Template module loaded: [{'name': 'flask app', 'description': 'Minimalist Flask web app template with routing and HTML template support.', 'file_name': 'flask.json'}, {'name': 'python cli', 'description': 'A minimal boilerplate for Python CLI applications. Includes a main entry point and a README file for documentation.', 'file_name': 'cli_python.json'}]
2026-04-25 15:16:00 | INFO | [INFO] Template module loaded: [{'name': 'flask app', 'description': 'Minimalist Flask web app template with routing and HTML template support.', 'file_name': 'flask.json'}, {'name': 'python cli', 'description': 'A minimal boilerplate for Python CLI applications. Includes a main entry point and a README file for documentation.', 'file_name': 'cli_python.json'}]
2026-04-25 15:16:15 | INFO | Запуск команды: 'python3 -m venv .venv' в директории: Solutions/test_2/_src_
2026-04-25 15:16:19 | INFO | Успешно выполнено: python3 -m venv .venv
2026-04-25 15:16:19 | INFO | Запуск команды: 'source .venv/bin/activate' в директории: Solutions/test_2/_src_
2026-04-25 15:16:19 | INFO | Успешно выполнено: source .venv/bin/activate
2026-04-25 15:16:19 | INFO | Запуск команды: 'pip install flask' в директории: Solutions/test_2/_src_
2026-04-25 15:16:19 | INFO | Успешно выполнено: pip install flask
